C51 COMPILER V9.60.0.0   FOR                                                               02/11/2026 16:23:06 PAGE 1   


C51 COMPILER V9.60.0.0, COMPILATION OF MODULE FOR
OBJECT MODULE PLACED IN .\Objects\for.obj
COMPILER INVOKED BY: E:\keil5\C51\BIN\C51.EXE for.c OPTIMIZE(8,SPEED) BROWSE DEBUG OBJECTEXTEND PRINT(.\Listings\for.lst
                    -) TABS(2) OBJECT(.\Objects\for.obj)

line level    source

   1          #include <REGX52.H>
   2          #include <INTRINS.H>
   3          
   4          
   5          
   6          
   7          void Delay_ms(unsigned int ms)
   8          {
   9   1          unsigned int i, j; 
  10   1      
  11   1          for (i = ms; i > 0; i--) 
  12   1          {
  13   2              for (j = 114; j > 0; j--) 
  14   2              {
  15   3                  
  16   3              }
  17   2          }
  18   1      }
  19          
  20          void main()
  21          {
  22   1      
  23   1        while(1)
  24   1        {
  25   2          P2=0x00;//0000 0000
  26   2          Delay_ms(500);
  27   2          
  28   2          
  29   2          P2=0xff;//1111 1111
  30   2          Delay_ms(500);
  31   2          
  32   2          
  33   2        }
  34   1      
  35   1      
  36   1      }


MODULE INFORMATION:   STATIC OVERLAYABLE
   CODE SIZE        =     52    ----
   CONSTANT SIZE    =   ----    ----
   XDATA SIZE       =   ----    ----
   PDATA SIZE       =   ----    ----
   DATA SIZE        =   ----    ----
   IDATA SIZE       =   ----    ----
   BIT SIZE         =   ----    ----
END OF MODULE INFORMATION.


C51 COMPILATION COMPLETE.  0 WARNING(S),  0 ERROR(S)
