C51 COMPILER V9.60.0.0   LED____                                                           02/09/2026 20:13:45 PAGE 1   


C51 COMPILER V9.60.0.0, COMPILATION OF MODULE LED____
OBJECT MODULE PLACED IN .\Objects\led…Ńňł.obj
COMPILER INVOKED BY: E:\keil5\C51\BIN\C51.EXE led…Ńňł.c OPTIMIZE(8,SPEED) BROWSE DEBUG OBJECTEXTEND PRINT(.\Listings\led
                    -…Ńňł.lst) TABS(2) OBJECT(.\Objects\led…Ńňł.obj)

line level    source

   1          #include <REGX52.H>
   2          #include <INTRINS.H>
   3          
   4          void Delay500ms()   //@11.0592MHz
   5          {
   6   1        unsigned char i, j, k;
   7   1      
   8   1        _nop_();
   9   1        i = 4;
  10   1        j = 129;
  11   1        k = 119;
  12   1        do
  13   1        {
  14   2          do
  15   2          {
  16   3            while (--k);
  17   3          } while (--j);
  18   2        } while (--i);
  19   1      }
  20          
  21          
  22          void main()
  23          {
  24   1      
  25   1        while(1)
  26   1        {
  27   2          P2=0x00;//0000 0000
  28   2          Delay500ms();
  29   2          
  30   2          
  31   2          P2=0xff;//1111 1111
  32   2          Delay500ms();
  33   2          
  34   2          
  35   2        }
  36   1      
  37   1      
  38   1      }


MODULE INFORMATION:   STATIC OVERLAYABLE
   CODE SIZE        =     28    ----
   CONSTANT SIZE    =   ----    ----
   XDATA SIZE       =   ----    ----
   PDATA SIZE       =   ----    ----
   DATA SIZE        =   ----    ----
   IDATA SIZE       =   ----    ----
   BIT SIZE         =   ----    ----
END OF MODULE INFORMATION.


C51 COMPILATION COMPLETE.  0 WARNING(S),  0 ERROR(S)
