C51 COMPILER V9.60.0.0   DELAY                                                             02/28/2026 14:49:13 PAGE 1   


C51 COMPILER V9.60.0.0, COMPILATION OF MODULE DELAY
OBJECT MODULE PLACED IN .\Objects\Delay.obj
COMPILER INVOKED BY: E:\keil5\C51\BIN\C51.EXE Delay.c OPTIMIZE(8,SPEED) BROWSE DEBUG OBJECTEXTEND PRINT(.\Listings\Delay
                    -.lst) TABS(2) OBJECT(.\Objects\Delay.obj)

line level    source

   1          //延迟1ms
   2          void Delay(unsigned int ms)
   3          {
   4   1          unsigned int i, j; 
   5   1      
   6   1          for (i = ms; i > 0; i--) 
   7   1          {
   8   2              for (j = 114; j > 0; j--) 
   9   2              {
  10   3                  
  11   3              }
  12   2          }
  13   1      }


MODULE INFORMATION:   STATIC OVERLAYABLE
   CODE SIZE        =     30    ----
   CONSTANT SIZE    =   ----    ----
   XDATA SIZE       =   ----    ----
   PDATA SIZE       =   ----    ----
   DATA SIZE        =   ----    ----
   IDATA SIZE       =   ----    ----
   BIT SIZE         =   ----    ----
END OF MODULE INFORMATION.


C51 COMPILATION COMPLETE.  0 WARNING(S),  0 ERROR(S)
