C51 COMPILER V9.60.0.0   __                                                                02/15/2026 01:30:23 PAGE 1   


C51 COMPILER V9.60.0.0, COMPILATION OF MODULE __
OBJECT MODULE PLACED IN .\Objects\Դ.obj
COMPILER INVOKED BY: E:\keil5\C51\BIN\C51.EXE Դ.c OPTIMIZE(8,SPEED) BROWSE DEBUG OBJECTEXTEND PRINT(.\Listings\Դ.lst) 
                    -TABS(2) OBJECT(.\Objects\Դ.obj)

line level    source

   1          #include <REGX52.H>
   2          
   3          
   4          void Delay_ms(unsigned int ms)
   5          {
   6   1          unsigned int i, j; 
   7   1      
   8   1          for (i = ms; i > 0; i--) 
   9   1          {
  10   2              for (j = 114; j > 0; j--) 
  11   2              {
  12   3                  
  13   3              }
  14   2          }
  15   1      }
  16          
  17          unsigned char core[]={0x3F,0x06,0x5B,0x4F,0x66,0x6D,0x7D,0x07,0x7F,0x6F};
  18          
  19          void nixie(unsigned char location,number)
  20          {
  21   1        switch(location)
  22   1        {
  23   2          case 1:P2_4=1;P2_3=1;P2_2=1;break;
  24   2          case 2:P2_4=1;P2_3=1;P2_2=0;break;
  25   2          case 3:P2_4=1;P2_3=0;P2_2=1;break;
  26   2          case 4:P2_4=1;P2_3=0;P2_2=0;break;
  27   2          case 5:P2_4=0;P2_3=1;P2_2=1;break;
  28   2          case 6:P2_4=0;P2_3=1;P2_2=0;break;
  29   2          case 7:P2_4=0;P2_3=0;P2_2=1;break;
  30   2          case 8:P2_4=0;P2_3=0;P2_2=0;break;
  31   2        }
  32   1        P0=core[number];
  33   1      }
  34          void main()
  35          {
  36   1        nixie(8,0);
  37   1        Delay_ms(1000);
  38   1        nixie(8,1);
  39   1        Delay_ms(1000);
  40   1        nixie(8,2);
  41   1        Delay_ms(1000);
  42   1        nixie(8,3);
  43   1        Delay_ms(1000);
  44   1        nixie(8,4);
  45   1        Delay_ms(1000);
  46   1        nixie(8,5);
  47   1        Delay_ms(1000);
  48   1        nixie(8,6);
  49   1        Delay_ms(1000);
  50   1        nixie(8,7);
  51   1        Delay_ms(1000);
  52   1        nixie(8,8);
  53   1        Delay_ms(1000);
  54   1        nixie(8,9);
C51 COMPILER V9.60.0.0   __                                                                02/15/2026 01:30:23 PAGE 2   

  55   1        Delay_ms(1000);
  56   1        while(1);
  57   1        {
  58   2        }
  59   1      
  60   1      }


MODULE INFORMATION:   STATIC OVERLAYABLE
   CODE SIZE        =    193    ----
   CONSTANT SIZE    =   ----    ----
   XDATA SIZE       =   ----    ----
   PDATA SIZE       =   ----    ----
   DATA SIZE        =     10    ----
   IDATA SIZE       =   ----    ----
   BIT SIZE         =   ----    ----
END OF MODULE INFORMATION.


C51 COMPILATION COMPLETE.  0 WARNING(S),  0 ERROR(S)
