C51 COMPILER V9.60.0.0   4                                                                 02/13/2026 20:52:13 PAGE 1   


C51 COMPILER V9.60.0.0, COMPILATION OF MODULE 4
OBJECT MODULE PLACED IN .\Objects\4.obj
COMPILER INVOKED BY: E:\keil5\C51\BIN\C51.EXE 4.c OPTIMIZE(8,SPEED) BROWSE DEBUG OBJECTEXTEND PRINT(.\Listings\4.lst) TA
                    -BS(2) OBJECT(.\Objects\4.obj)

line level    source

   1          #include <REGX52.H>
   2          
   3          void Delay_ms(unsigned int ms)
   4          {
   5   1          unsigned int i, j; 
   6   1      
   7   1          for (i = ms; i > 0; i--) 
   8   1          {
   9   2              for (j = 114; j > 0; j--) 
  10   2              {
  11   3                  
  12   3              }
  13   2          }
  14   1      }
  15          
  16          void main()
  17          {
  18   1        while(1)
  19   1        {
  20   2          if(P3_1==0)
  21   2          {
  22   3            Delay_ms(20);
  23   3            while(P3_1==0);
  24   3            Delay_ms(20);
  25   3            
  26   3            P2_0=~P2_0;
  27   3            
  28   3          }
  29   2        }
  30   1      }


MODULE INFORMATION:   STATIC OVERLAYABLE
   CODE SIZE        =     54    ----
   CONSTANT SIZE    =   ----    ----
   XDATA SIZE       =   ----    ----
   PDATA SIZE       =   ----    ----
   DATA SIZE        =   ----    ----
   IDATA SIZE       =   ----    ----
   BIT SIZE         =   ----    ----
END OF MODULE INFORMATION.


C51 COMPILATION COMPLETE.  0 WARNING(S),  0 ERROR(S)
